2020-12-01 11:56:01 AM [SERVER STARTED]: -webRoot=C:\localWebSite -webIP=127.0.0.1 -webPort=5000 
2020-12-01 11:56:25 AM [UNKNOWN]: RECEIVE - GET /tenor.gif HTTP/1.1
Host: localhost:5000
Connection: keep-alive
Upgrade-Insecure-Requests: 1
User-Agent: Mozilla/5.0 (Windows NT 10.0; Win64; x64) AppleWebKit/537.36 (KHTML, like Gecko) Chrome/87.0.4280.67 Safari/537.36 Edg/87.0.664.47
Accept: text/html,application/xhtml+xml,application/xml;q=0.9,image/webp,image/apng,*/*;q=0.8,application/signed-exchange;v=b3;q=0.9
Sec-Fetch-Site: none
Sec-Fetch-Mode: navigate
Sec-Fetch-User: ?1
Sec-Fetch-Dest: document
Accept-Encoding: gzip, deflate, br
Accept-Language: en-US,en;q=0.9


2020-12-01 11:56:25 AM [UNKNOWN]: RECEIVE - GET /favicon.ico HTTP/1.1
Host: localhost:5000
Connection: keep-alive
User-Agent: Mozilla/5.0 (Windows NT 10.0; Win64; x64) AppleWebKit/537.36 (KHTML, like Gecko) Chrome/87.0.4280.67 Safari/537.36 Edg/87.0.664.47
Accept: image/webp,image/apng,image/*,*/*;q=0.8
Sec-Fetch-Site: same-origin
Sec-Fetch-Mode: no-cors
Sec-Fetch-Dest: image
Referer: http://localhost:5000/tenor.gif
Accept-Encoding: gzip, deflate, br
Accept-Language: en-US,en;q=0.9


